<?xml version="1.0" encoding="UTF-8"?>
<!-- Generated by org.testng.reporters.JUnitReportReporter -->
<testsuite hostname="DIKSHITA" failures="0" tests="2" name="TestCase.contactUsForm" time="8.782" errors="0" timestamp="2023-07-27T14:52:13 IST" skipped="0">
  <testcase classname="TestCase.contactUsForm" name="homePageTitleVerification" time="0.012"/>
  <testcase classname="TestCase.contactUsForm" name="contactUsForm" time="8.770"/>
</testsuite> <!-- TestCase.contactUsForm -->
