<?xml version="1.0" encoding="UTF-8"?>
<!-- Generated by org.testng.reporters.JUnitReportReporter -->
<testsuite hostname="DIKSHITA" failures="0" tests="2" name="TestCase.LoginUserWithCorrect" time="10.833" errors="0" timestamp="2023-07-25T16:42:36 IST" skipped="0">
  <testcase classname="TestCase.LoginUserWithCorrect" name="homePageTitleVerification" time="0.012"/>
  <testcase classname="TestCase.LoginUserWithCorrect" name="signUp" time="10.821"/>
</testsuite> <!-- TestCase.LoginUserWithCorrect -->
