<?xml version="1.0" encoding="UTF-8"?>
<!-- Generated by org.testng.reporters.JUnitReportReporter -->
<testsuite hostname="DIKSHITA" failures="0" tests="2" name="TestCase.SearchProductPage" time="10.112" errors="0" timestamp="2023-08-01T15:18:51 IST" skipped="0">
  <testcase classname="TestCase.SearchProductPage" name="homePageTitleVerification" time="0.020"/>
  <testcase classname="TestCase.SearchProductPage" name="searchProducts" time="10.092"/>
</testsuite> <!-- TestCase.SearchProductPage -->
