<?xml version="1.0" encoding="UTF-8"?>
<!-- Generated by org.testng.reporters.JUnitReportReporter -->
<testsuite hostname="DIKSHITA" failures="0" tests="2" name="TestCase.LoginUserWithInCorrect" time="8.101" errors="0" timestamp="2023-07-25T17:40:36 IST" skipped="0">
  <testcase classname="TestCase.LoginUserWithInCorrect" name="homePageTitleVerification" time="0.011"/>
  <testcase classname="TestCase.LoginUserWithInCorrect" name="signUp" time="8.090"/>
</testsuite> <!-- TestCase.LoginUserWithInCorrect -->
