<?xml version="1.0" encoding="UTF-8"?>
<!-- Generated by org.testng.reporters.JUnitReportReporter -->
<testsuite hostname="DIKSHITA" failures="0" tests="2" name="TestCase.RemoveCartProducts" time="27.848" errors="0" timestamp="2023-08-04T15:11:11 IST" skipped="0">
  <testcase classname="TestCase.RemoveCartProducts" name="homePageTitleVerification" time="0.013"/>
  <testcase classname="TestCase.RemoveCartProducts" name="cartProductRemove" time="27.835"/>
</testsuite> <!-- TestCase.RemoveCartProducts -->
