<?xml version="1.0" encoding="UTF-8"?>
<!-- Generated by org.testng.reporters.JUnitReportReporter -->
<testsuite hostname="DIKSHITA" failures="0" tests="2" name="TestCase.VerifyTestCasePage" time="1.402" errors="0" timestamp="2023-07-31T15:49:31 IST" skipped="0">
  <testcase classname="TestCase.VerifyTestCasePage" name="homePageTitleVerification" time="0.013"/>
  <testcase classname="TestCase.VerifyTestCasePage" name="VerifyPage" time="1.389"/>
</testsuite> <!-- TestCase.VerifyTestCasePage -->
