<?xml version="1.0" encoding="UTF-8"?>
<!-- Generated by org.testng.reporters.JUnitReportReporter -->
<testsuite hostname="DIKSHITA" failures="0" tests="2" name="TestCase.VerifyAllProducts" time="12.335" errors="0" timestamp="2023-07-31T16:56:23 IST" skipped="0">
  <testcase classname="TestCase.VerifyAllProducts" name="homePageTitleVerification" time="0.010"/>
  <testcase classname="TestCase.VerifyAllProducts" name="verifyAllProducts" time="12.325"/>
</testsuite> <!-- TestCase.VerifyAllProducts -->
