<?xml version="1.0" encoding="UTF-8"?>
<!-- Generated by org.testng.reporters.JUnitReportReporter -->
<testsuite hostname="DIKSHITA" failures="0" tests="2" name="TestCase.AddProductsInCarts" time="17.099" errors="0" timestamp="2023-08-01T17:46:54 IST" skipped="0">
  <testcase classname="TestCase.AddProductsInCarts" name="homePageTitleVerification" time="0.013"/>
  <testcase classname="TestCase.AddProductsInCarts" name="addCartProducts" time="17.086"/>
</testsuite> <!-- TestCase.AddProductsInCarts -->
