<?xml version="1.0" encoding="UTF-8"?>
<!-- Generated by org.testng.reporters.JUnitReportReporter -->
<testsuite hostname="DIKSHITA" failures="0" tests="1" name="TestCase.ViewCategoryProducts" time="14.068" errors="0" timestamp="2023-08-04T15:45:28 IST" skipped="0">
  <testcase classname="TestCase.ViewCategoryProducts" name="categoryProducts" time="14.068"/>
</testsuite> <!-- TestCase.ViewCategoryProducts -->
