<?xml version="1.0" encoding="UTF-8"?>
<!-- Generated by org.testng.reporters.JUnitReportReporter -->
<testsuite hostname="DIKSHITA" failures="0" tests="2" name="TestCase.registerUserExistingEmail" time="4.877" errors="0" timestamp="2023-07-26T15:39:19 IST" skipped="0">
  <testcase classname="TestCase.registerUserExistingEmail" name="homePageTitleVerification" time="0.012"/>
  <testcase classname="TestCase.registerUserExistingEmail" name="signUp" time="4.865"/>
</testsuite> <!-- TestCase.registerUserExistingEmail -->
