<?xml version="1.0" encoding="UTF-8"?>
<!-- Generated by org.testng.reporters.JUnitReportReporter -->
<testsuite hostname="DIKSHITA" failures="0" tests="2" name="TestCase.VerifyCartSubscription" time="0.885" errors="0" timestamp="2023-08-01T16:48:08 IST" skipped="0">
  <testcase classname="TestCase.VerifyCartSubscription" name="homePageTitleVerification" time="0.009"/>
  <testcase classname="TestCase.VerifyCartSubscription" name="cartVerifySubscription" time="0.876"/>
</testsuite> <!-- TestCase.VerifyCartSubscription -->
