<?xml version="1.0" encoding="UTF-8"?>
<!-- Generated by org.testng.reporters.JUnitReportReporter -->
<testsuite hostname="DIKSHITA" failures="0" tests="2" name="TestCase.LogoutUser" time="9.178" errors="0" timestamp="2023-07-26T15:11:16 IST" skipped="0">
  <testcase classname="TestCase.LogoutUser" name="homePageTitleVerification" time="0.012"/>
  <testcase classname="TestCase.LogoutUser" name="signUp" time="9.166"/>
</testsuite> <!-- TestCase.LogoutUser -->
