<?xml version="1.0" encoding="UTF-8"?>
<!-- Generated by org.testng.reporters.JUnitReportReporter -->
<testsuite hostname="DIKSHITA" failures="0" tests="2" name="TestCase.VerifyProductQuantity" time="7.034" errors="0" timestamp="2023-08-02T17:02:45 IST" skipped="0">
  <testcase classname="TestCase.VerifyProductQuantity" name="homePageTitleVerification" time="0.012"/>
  <testcase classname="TestCase.VerifyProductQuantity" name="quantityProductVerify" time="7.022"/>
</testsuite> <!-- TestCase.VerifyProductQuantity -->
