<?xml version="1.0" encoding="UTF-8"?>
<!-- Generated by org.testng.reporters.JUnitReportReporter -->
<testsuite hostname="DIKSHITA" failures="0" tests="1" name="TestCase.ViewCartBrandProducts" time="22.549" errors="0" timestamp="2023-08-04T16:52:25 IST" skipped="0">
  <testcase classname="TestCase.ViewCartBrandProducts" name="brandsProducts" time="22.549"/>
</testsuite> <!-- TestCase.ViewCartBrandProducts -->
